Analysis & Synthesis report for 2048
Tue Apr 29 19:12:32 2014
Quartus II 64-Bit Version 13.0.1 Build 232 06/12/2013 Service Pack 1 SJ Full Version


---------------------
; Table of Contents ;
---------------------
  1. Legal Notice
  2. Analysis & Synthesis Summary
  3. Analysis & Synthesis Settings
  4. Parallel Compilation
  5. Analysis & Synthesis Messages



----------------
; Legal Notice ;
----------------
Copyright (C) 1991-2013 Altera Corporation
Your use of Altera Corporation's design tools, logic functions 
and other software and tools, and its AMPP partner logic 
functions, and any output files from any of the foregoing 
(including device programming or simulation files), and any 
associated documentation or information are expressly subject 
to the terms and conditions of the Altera Program License 
Subscription Agreement, Altera MegaCore Function License 
Agreement, or other applicable license agreement, including, 
without limitation, that your use is for the sole purpose of 
programming logic devices manufactured by Altera and sold by 
Altera or its authorized distributors.  Please refer to the 
applicable agreement for further details.



+---------------------------------------------------------------------------------------+
; Analysis & Synthesis Summary                                                          ;
+------------------------------------+--------------------------------------------------+
; Analysis & Synthesis Status        ; Failed - Tue Apr 29 19:12:32 2014                ;
; Quartus II 64-Bit Version          ; 13.0.1 Build 232 06/12/2013 SP 1 SJ Full Version ;
; Revision Name                      ; 2048                                             ;
; Top-level Entity Name              ; 2048                                             ;
; Family                             ; Cyclone II                                       ;
; Total logic elements               ; N/A until Partition Merge                        ;
;     Total combinational functions  ; N/A until Partition Merge                        ;
;     Dedicated logic registers      ; N/A until Partition Merge                        ;
; Total registers                    ; N/A until Partition Merge                        ;
; Total pins                         ; N/A until Partition Merge                        ;
; Total virtual pins                 ; N/A until Partition Merge                        ;
; Total memory bits                  ; N/A until Partition Merge                        ;
; Embedded Multiplier 9-bit elements ; N/A until Partition Merge                        ;
; Total PLLs                         ; N/A until Partition Merge                        ;
+------------------------------------+--------------------------------------------------+


+----------------------------------------------------------------------------------------------------------------------+
; Analysis & Synthesis Settings                                                                                        ;
+----------------------------------------------------------------------------+--------------------+--------------------+
; Option                                                                     ; Setting            ; Default Value      ;
+----------------------------------------------------------------------------+--------------------+--------------------+
; Device                                                                     ; EP2C35F672C6       ;                    ;
; Top-level entity name                                                      ; 2048               ; 2048               ;
; Family name                                                                ; Cyclone II         ; Cyclone IV GX      ;
; Use smart compilation                                                      ; Off                ; Off                ;
; Enable parallel Assembler and TimeQuest Timing Analyzer during compilation ; On                 ; On                 ;
; Enable compact report table                                                ; Off                ; Off                ;
; Restructure Multiplexers                                                   ; Auto               ; Auto               ;
; Create Debugging Nodes for IP Cores                                        ; Off                ; Off                ;
; Preserve fewer node names                                                  ; On                 ; On                 ;
; Disable OpenCore Plus hardware evaluation                                  ; Off                ; Off                ;
; Verilog Version                                                            ; Verilog_2001       ; Verilog_2001       ;
; VHDL Version                                                               ; VHDL_1993          ; VHDL_1993          ;
; State Machine Processing                                                   ; Auto               ; Auto               ;
; Safe State Machine                                                         ; Off                ; Off                ;
; Extract Verilog State Machines                                             ; On                 ; On                 ;
; Extract VHDL State Machines                                                ; On                 ; On                 ;
; Ignore Verilog initial constructs                                          ; Off                ; Off                ;
; Iteration limit for constant Verilog loops                                 ; 5000               ; 5000               ;
; Iteration limit for non-constant Verilog loops                             ; 250                ; 250                ;
; Add Pass-Through Logic to Inferred RAMs                                    ; On                 ; On                 ;
; Infer RAMs from Raw Logic                                                  ; On                 ; On                 ;
; Parallel Synthesis                                                         ; On                 ; On                 ;
; DSP Block Balancing                                                        ; Auto               ; Auto               ;
; NOT Gate Push-Back                                                         ; On                 ; On                 ;
; Power-Up Don't Care                                                        ; On                 ; On                 ;
; Remove Redundant Logic Cells                                               ; Off                ; Off                ;
; Remove Duplicate Registers                                                 ; On                 ; On                 ;
; Ignore CARRY Buffers                                                       ; Off                ; Off                ;
; Ignore CASCADE Buffers                                                     ; Off                ; Off                ;
; Ignore GLOBAL Buffers                                                      ; Off                ; Off                ;
; Ignore ROW GLOBAL Buffers                                                  ; Off                ; Off                ;
; Ignore LCELL Buffers                                                       ; Off                ; Off                ;
; Ignore SOFT Buffers                                                        ; On                 ; On                 ;
; Limit AHDL Integers to 32 Bits                                             ; Off                ; Off                ;
; Optimization Technique                                                     ; Balanced           ; Balanced           ;
; Carry Chain Length                                                         ; 70                 ; 70                 ;
; Auto Carry Chains                                                          ; On                 ; On                 ;
; Auto Open-Drain Pins                                                       ; On                 ; On                 ;
; Perform WYSIWYG Primitive Resynthesis                                      ; Off                ; Off                ;
; Auto ROM Replacement                                                       ; On                 ; On                 ;
; Auto RAM Replacement                                                       ; On                 ; On                 ;
; Auto Shift Register Replacement                                            ; Auto               ; Auto               ;
; Allow Shift Register Merging across Hierarchies                            ; Auto               ; Auto               ;
; Auto Clock Enable Replacement                                              ; On                 ; On                 ;
; Strict RAM Replacement                                                     ; Off                ; Off                ;
; Allow Synchronous Control Signals                                          ; On                 ; On                 ;
; Force Use of Synchronous Clear Signals                                     ; Off                ; Off                ;
; Auto RAM to Logic Cell Conversion                                          ; Off                ; Off                ;
; Auto Resource Sharing                                                      ; Off                ; Off                ;
; Allow Any RAM Size For Recognition                                         ; Off                ; Off                ;
; Allow Any ROM Size For Recognition                                         ; Off                ; Off                ;
; Allow Any Shift Register Size For Recognition                              ; Off                ; Off                ;
; Use LogicLock Constraints during Resource Balancing                        ; On                 ; On                 ;
; Ignore translate_off and synthesis_off directives                          ; Off                ; Off                ;
; Timing-Driven Synthesis                                                    ; Off                ; Off                ;
; Report Parameter Settings                                                  ; On                 ; On                 ;
; Report Source Assignments                                                  ; On                 ; On                 ;
; Report Connectivity Checks                                                 ; On                 ; On                 ;
; Ignore Maximum Fan-Out Assignments                                         ; Off                ; Off                ;
; Synchronization Register Chain Length                                      ; 2                  ; 2                  ;
; PowerPlay Power Optimization                                               ; Normal compilation ; Normal compilation ;
; HDL message level                                                          ; Level2             ; Level2             ;
; Suppress Register Optimization Related Messages                            ; Off                ; Off                ;
; Number of Removed Registers Reported in Synthesis Report                   ; 5000               ; 5000               ;
; Number of Swept Nodes Reported in Synthesis Report                         ; 5000               ; 5000               ;
; Number of Inverted Registers Reported in Synthesis Report                  ; 100                ; 100                ;
; Clock MUX Protection                                                       ; On                 ; On                 ;
; Auto Gated Clock Conversion                                                ; Off                ; Off                ;
; Block Design Naming                                                        ; Auto               ; Auto               ;
; SDC constraint protection                                                  ; Off                ; Off                ;
; Synthesis Effort                                                           ; Auto               ; Auto               ;
; Shift Register Replacement - Allow Asynchronous Clear Signal               ; On                 ; On                 ;
; Pre-Mapping Resynthesis Optimization                                       ; Off                ; Off                ;
; Analysis & Synthesis Message Level                                         ; Medium             ; Medium             ;
; Disable Register Merging Across Hierarchies                                ; Auto               ; Auto               ;
; Resource Aware Inference For Block RAM                                     ; On                 ; On                 ;
; Synthesis Seed                                                             ; 1                  ; 1                  ;
+----------------------------------------------------------------------------+--------------------+--------------------+


Parallel compilation was disabled, but you have multiple processors available. Enable parallel compilation to reduce compilation time.
+-------------------------------------+
; Parallel Compilation                ;
+----------------------------+--------+
; Processors                 ; Number ;
+----------------------------+--------+
; Number detected on machine ; 8      ;
; Maximum allowed            ; 1      ;
+----------------------------+--------+


+-------------------------------+
; Analysis & Synthesis Messages ;
+-------------------------------+
Info: *******************************************************************
Info: Running Quartus II 64-Bit Analysis & Synthesis
    Info: Version 13.0.1 Build 232 06/12/2013 Service Pack 1 SJ Full Version
    Info: Processing started: Tue Apr 29 19:12:30 2014
Info: Command: quartus_map --read_settings_files=on --write_settings_files=off 2048 -c 2048
Warning (20028): Parallel compilation is not licensed and has been disabled
Info (12021): Found 2 design units, including 1 entities, in source file /users/brad/downloads/ece385-master (4)/ece385-master/lab9_vga_vhdl_spring2014/dreg.vhd
    Info (12022): Found design unit 1: Dreg-Behavioral
    Info (12023): Found entity 1: Dreg
Info (12021): Found 2 design units, including 1 entities, in source file /users/brad/downloads/ece385-master (4)/ece385-master/lab9_vga_vhdl_spring2014/psclksample.vhd
    Info (12022): Found design unit 1: psclk-Behavioral
    Info (12023): Found entity 1: psclk
Info (12021): Found 2 design units, including 1 entities, in source file /users/brad/downloads/ece385-master (4)/ece385-master/lab9_vga_vhdl_spring2014/clkdiv.vhd
    Info (12022): Found design unit 1: clkDiv-Behavioral
    Info (12023): Found entity 1: clkDiv
Info (12021): Found 2 design units, including 1 entities, in source file /users/brad/downloads/ece385-master (4)/ece385-master/lab9/hexdriver.vhd
    Info (12022): Found design unit 1: hexDriver-behavioral
    Info (12023): Found entity 1: hexDriver
Info (12021): Found 1 design units, including 1 entities, in source file /users/brad/downloads/ece385-master (4)/ece385-master/lab9_vga_vhdl_spring2014/keyboard.bdf
    Info (12023): Found entity 1: keyboard
Info (12021): Found 2 design units, including 1 entities, in source file /users/brad/downloads/ece385-master (4)/ece385-master/lab9_vga_vhdl_spring2014/keymap.vhd
    Info (12022): Found design unit 1: keyMap-Behavioral
    Info (12023): Found entity 1: keyMap
Info (12021): Found 2 design units, including 1 entities, in source file /users/brad/downloads/ece385-master (4)/ece385-master/lab9_vga_vhdl_spring2014/keycapt.vhd
    Info (12022): Found design unit 1: keyCapture-Behavioral
    Info (12023): Found entity 1: keyCapture
Info (12021): Found 2 design units, including 1 entities, in source file /users/brad/downloads/ece385-master (4)/ece385-master/lab9_vga_vhdl_spring2014/vga_controller.vhd
    Info (12022): Found design unit 1: vga_controller-Behavioral
    Info (12023): Found entity 1: vga_controller
Info (12021): Found 1 design units, including 1 entities, in source file 2048.bdf
    Info (12023): Found entity 1: 2048
Info (12021): Found 2 design units, including 1 entities, in source file gameboardh.vhd
    Info (12022): Found design unit 1: gameBoardH-behavioral
    Info (12023): Found entity 1: gameBoardH
Info (12021): Found 2 design units, including 1 entities, in source file newtile.vhd
    Info (12022): Found design unit 1: newTile-behavioral
    Info (12023): Found entity 1: newTile
Info (12021): Found 2 design units, including 1 entities, in source file keyinterface.vhd
    Info (12022): Found design unit 1: keyInterface-behavioral
    Info (12023): Found entity 1: keyInterface
Info (12021): Found 2 design units, including 1 entities, in source file gamelogic.vhd
    Info (12022): Found design unit 1: gameLogic-behavioral
    Info (12023): Found entity 1: gameLogic
Info (12021): Found 2 design units, including 1 entities, in source file gameboard1.vhd
    Info (12022): Found design unit 1: GameBoard1-Behavioral
    Info (12023): Found entity 1: GameBoard1
Info (12021): Found 2 design units, including 1 entities, in source file tiles.vhd
    Info (12022): Found design unit 1: Tiles-Behavioral
    Info (12023): Found entity 1: Tiles
Info (12021): Found 2 design units, including 1 entities, in source file color_mapper.vhd
    Info (12022): Found design unit 1: Color_Mapper-Behavioral
    Info (12023): Found entity 1: Color_Mapper
Warning (12019): Can't analyze file -- file VGA_Controller.vhd is missing
Info (12021): Found 1 design units, including 0 entities, in source file gameboardarray.vhd
    Info (12022): Found design unit 1: game_board_array
Info (12021): Found 2 design units, including 1 entities, in source file vga_controllerz.vhd
    Info (12022): Found design unit 1: vga_controllerz-Behavioral
    Info (12023): Found entity 1: vga_controllerz
Info (12021): Found 2 design units, including 1 entities, in source file sprites.vhd
    Info (12022): Found design unit 1: Sprites-Behavioral
    Info (12023): Found entity 1: Sprites
Info (12021): Found 1 design units, including 0 entities, in source file sprite_location.vhd
    Info (12022): Found design unit 1: sprite_set
Warning (12019): Can't analyze file -- file Image_size.vhd is missing
Info (12021): Found 1 design units, including 0 entities, in source file game_board_free.vhd
    Info (12022): Found design unit 1: game_board_free
Warning (12019): Can't analyze file -- file Image_Array.vhd is missing
Info (12021): Found 1 design units, including 0 entities, in source file sprite_image.vhd
    Info (12022): Found design unit 1: Sprite_Image
Info (12021): Found 1 design units, including 0 entities, in source file standard_sprite.vhd
    Info (12022): Found design unit 1: standard_sprite
Error (10482): VHDL error at GameBoard1.vhd(179): object "outFree" is used but not declared File: C:/Users/Brad/Downloads/ECE385-master (4)/ECE385-master/2048/GameBoard1.vhd Line: 179
Error (10558): VHDL error at GameBoard1.vhd(179): cannot associate formal port "outFree" of mode "out" with an expression File: C:/Users/Brad/Downloads/ECE385-master (4)/ECE385-master/2048/GameBoard1.vhd Line: 179
Error (10482): VHDL error at GameBoard1.vhd(180): object "outSprites" is used but not declared File: C:/Users/Brad/Downloads/ECE385-master (4)/ECE385-master/2048/GameBoard1.vhd Line: 180
Error (10558): VHDL error at GameBoard1.vhd(180): cannot associate formal port "outSprites" of mode "out" with an expression File: C:/Users/Brad/Downloads/ECE385-master (4)/ECE385-master/2048/GameBoard1.vhd Line: 180
Error: Quartus II 64-Bit Analysis & Synthesis was unsuccessful. 4 errors, 4 warnings
    Error: Peak virtual memory: 487 megabytes
    Error: Processing ended: Tue Apr 29 19:12:32 2014
    Error: Elapsed time: 00:00:02
    Error: Total CPU time (on all processors): 00:00:03


